  emitter.cpp
D:\Heriot-Watt\Computer Games Programming\Template\GPGameTemplate\GPGame_Template_VS2019_x64\GPGame_Template_VS2019_x64\emitter.cpp(82,79): warning C4244: 'argomento': conversione da 'const float' a 'int'. Possibile perdita di dati.
  flockManager.cpp
  GPGame_Template_VS2019_x64.cpp
  graphics.cpp
  maze.cpp
  mazeManager.cpp
D:\Heriot-Watt\Computer Games Programming\Template\GPGameTemplate\GPGame_Template_VS2019_x64\GPGame_Template_VS2019_x64\mazeManager.cpp(137,12): warning C4244: 'argomento': conversione da 'time_t' a 'unsigned int'. Possibile perdita di dati.
  shapes.cpp
D:\Heriot-Watt\Computer Games Programming\Template\GPGameTemplate\GPGame_Template_VS2019_x64\GPGame_Template_VS2019_x64\shapes.cpp(30,39): warning C4267: 'inizializzazione': conversione da 'size_t' a 'int'. Possibile perdita di dati.
D:\Heriot-Watt\Computer Games Programming\Template\GPGameTemplate\GPGame_Template_VS2019_x64\GPGame_Template_VS2019_x64\shapes.cpp(30,91): warning C4267: 'inizializzazione': conversione da 'size_t' a 'int'. Possibile perdita di dati.
D:\Heriot-Watt\Computer Games Programming\Template\GPGameTemplate\GPGame_Template_VS2019_x64\GPGame_Template_VS2019_x64\shapes.cpp(33,72): warning C4267: '=': conversione da 'size_t' a 'int'. Possibile perdita di dati.
D:\Heriot-Watt\Computer Games Programming\Template\GPGameTemplate\GPGame_Template_VS2019_x64\GPGame_Template_VS2019_x64\shapes.cpp(36,72): warning C4267: '=': conversione da 'size_t' a 'int'. Possibile perdita di dati.
D:\Heriot-Watt\Computer Games Programming\Template\GPGameTemplate\GPGame_Template_VS2019_x64\GPGame_Template_VS2019_x64\shapes.cpp(44,39): warning C4267: 'inizializzazione': conversione da 'size_t' a 'int'. Possibile perdita di dati.
D:\Heriot-Watt\Computer Games Programming\Template\GPGameTemplate\GPGame_Template_VS2019_x64\GPGame_Template_VS2019_x64\shapes.cpp(44,91): warning C4267: 'inizializzazione': conversione da 'size_t' a 'int'. Possibile perdita di dati.
D:\Heriot-Watt\Computer Games Programming\Template\GPGameTemplate\GPGame_Template_VS2019_x64\GPGame_Template_VS2019_x64\shapes.cpp(47,72): warning C4267: '=': conversione da 'size_t' a 'int'. Possibile perdita di dati.
D:\Heriot-Watt\Computer Games Programming\Template\GPGameTemplate\GPGame_Template_VS2019_x64\GPGame_Template_VS2019_x64\shapes.cpp(50,72): warning C4267: '=': conversione da 'size_t' a 'int'. Possibile perdita di dati.
D:\Heriot-Watt\Computer Games Programming\Template\GPGameTemplate\GPGame_Template_VS2019_x64\GPGame_Template_VS2019_x64\shapes.cpp(57,40): warning C4267: 'inizializzazione': conversione da 'size_t' a 'int'. Possibile perdita di dati.
D:\Heriot-Watt\Computer Games Programming\Template\GPGameTemplate\GPGame_Template_VS2019_x64\GPGame_Template_VS2019_x64\shapes.cpp(57,94): warning C4267: 'inizializzazione': conversione da 'size_t' a 'int'. Possibile perdita di dati.
D:\Heriot-Watt\Computer Games Programming\Template\GPGameTemplate\GPGame_Template_VS2019_x64\GPGame_Template_VS2019_x64\shapes.cpp(156,58): warning C4267: 'argomento': conversione da 'size_t' a 'GLsizei'. Possibile perdita di dati.
D:\Heriot-Watt\Computer Games Programming\Template\GPGameTemplate\GPGame_Template_VS2019_x64\GPGame_Template_VS2019_x64\shapes.cpp(160,58): warning C4267: 'argomento': conversione da 'size_t' a 'GLsizei'. Possibile perdita di dati.
  Generazione del codice in corso...
D:\Heriot-Watt\Computer Games Programming\Template\GPGameTemplate\GPGame_Template_VS2019_x64\GPGame_Template_VS2019_x64\mazeManager.cpp(256): warning C4715: 'MazeManager::A_Star': non tutti i percorsi di controllo restituiscono un valore
LINK : warning LNK4098: la libreria predefinita 'MSVCRT' è in conflitto con l'utilizzo di altre librerie; usare /NODEFAULTLIB:libreria
  GPGame_Template_VS2019_x64.vcxproj -> D:\Heriot-Watt\Computer Games Programming\Template\GPGameTemplate\GPGame_Template_VS2019_x64\x64\Debug\GPGame_Template_VS2019_x64.exe
